	Exporter version: 4.5.0, Blender version: 2.77 (sub 0)
========= Conversion from Blender to Babylon.js =========
	Scene settings used:
		selected layers only:  false
		flat shading entire scene:  false
		inline textures:  false
		texture directory:  /home/eric/PaPI/papi/plugin/dpp/Babylon/human/HumanClothes/
	Python World class constructor completed
	processing begun of skeleton:  Humanclothesfinal, id:  0
		processing begun of bone:  Hips, index:  0
		processing begun of bone:  LHipJoint, index:  1
		processing begun of bone:  LeftUpLeg, index:  2
		processing begun of bone:  LeftLeg, index:  3
		processing begun of bone:  LeftFoot, index:  4
		processing begun of bone:  LeftToeBase, index:  5
		processing begun of bone:  LowerBack, index:  6
		processing begun of bone:  Spine, index:  7
		processing begun of bone:  Spine1, index:  8
		processing begun of bone:  LeftShoulder, index:  9
		processing begun of bone:  LeftArm, index:  10
		processing begun of bone:  LeftForeArm, index:  11
		processing begun of bone:  LeftHand, index:  12
		processing begun of bone:  LThumb, index:  13
		processing begun of bone:  LeftFingerBase, index:  14
		processing begun of bone:  LeftHandFinger1, index:  15
		processing begun of bone:  Neck, index:  16
		processing begun of bone:  Neck1, index:  17
		processing begun of bone:  Head, index:  18
		processing begun of bone:  RightShoulder, index:  19
		processing begun of bone:  RightArm, index:  20
		processing begun of bone:  RightForeArm, index:  21
		processing begun of bone:  RightHand, index:  22
		processing begun of bone:  RThumb, index:  23
		processing begun of bone:  RightFingerBase, index:  24
		processing begun of bone:  RightHandFinger1, index:  25
		processing begun of bone:  RHipJoint, index:  26
		processing begun of bone:  RightUpLeg, index:  27
		processing begun of bone:  RightLeg, index:  28
		processing begun of bone:  RightFoot, index:  29
		processing begun of bone:  RightToeBase, index:  30
	processing begun of mesh:  Humanclothesfinal:Female_casualsuit02
		processing begun of Standard material:  Humanclothesfinal:Female_casualsuit02:Female_casualsuit02
			Diffuse texture found "female_casualsuit02_diffuse"
				Image texture found, type:  diffuseTexture, mapped using: "UVMap"
				WARNING: Opacity non-std way to indicate opacity, use material alpha to also use Opacity texture
			Bump texture found "female_casualsuit02_normal"
				Image texture found, type:  bumpTexture, mapped using: "UVMap"
		num positions      :  3466
		num normals        :  3466
		num uvs            :  6932
		num uvs2           :  0
		num colors         :  0
		num indices        :  16464
		Skeleton stats:  
			Total Influencers:  15068
			Avg # of influencers per vertex:  4.3474
			Highest # of influencers observed:  7, num vertices with this:  328
			exported as 7 influencers
			num skeletonWeights and skeletonIndices:  27728
	processing begun of mesh:  Humanclothesfinal:High-poly
		processing begun of Standard material:  Humanclothesfinal:High-poly:Eyeblue
			Diffuse texture found "blue_eye"
				Image texture found, type:  diffuseTexture, mapped using: "UVMap"
				WARNING: Opacity non-std way to indicate opacity, use material alpha to also use Opacity texture
		num positions      :  1086
		num normals        :  1086
		num uvs            :  2172
		num uvs2           :  0
		num colors         :  0
		num indices        :  6120
		Skeleton stats:  
			Total Influencers:  1086
			Avg # of influencers per vertex:  1
			Highest # of influencers observed:  1, num vertices with this:  1086
			exported as 1 influencers
			num skeletonWeights and skeletonIndices:  4344
	processing begun of mesh:  Humanclothesfinal:Short01
		processing begun of Standard material:  Humanclothesfinal:Short01:Mhair01black
			Diffuse texture found "short01_diffuse"
				Image texture found, type:  diffuseTexture, mapped using: "UVMap"
				WARNING: Opacity non-std way to indicate opacity, use material alpha to also use Opacity texture
		num positions      :  3174
		num normals        :  3174
		num uvs            :  6348
		num uvs2           :  0
		num colors         :  0
		num indices        :  11034
		Skeleton stats:  
			Total Influencers:  3736
			Avg # of influencers per vertex:  1.1771
			Highest # of influencers observed:  6, num vertices with this:  1
			exported as 6 influencers
			num skeletonWeights and skeletonIndices:  25392
	processing begun of mesh:  Humanclothesfinal:Body
		processing begun of Standard material:  Humanclothesfinal:Body:Defaultskin
		num positions      :  14829
		num normals        :  14829
		num uvs            :  29658
		num uvs2           :  0
		num colors         :  0
		num indices        :  70152
		Skeleton stats:  
			Total Influencers:  22025
			Avg # of influencers per vertex:  1.4853
			Highest # of influencers observed:  7, num vertices with this:  25
			exported as 7 influencers
			num skeletonWeights and skeletonIndices:  118632
	processing begun of camera (FreeCamera):  Camera
	processing begun of light (POINT):  Lamp
========= Writing of scene file started =========
========= Writing of scene file completed =========
========= end of processing =========
elapsed time:  0 min, 18.8257 secs
